\BOOKMARK [1][-]{section.1}{\376\377\000P\000r\000o\000j\000e\000c\000t\000\040\000S\000u\000m\000m\000a\000r\000y}{}% 1
\BOOKMARK [1][-]{section.2}{\376\377\000O\000b\000j\000e\000c\000t\000i\000v\000e\000s}{}% 2
\BOOKMARK [1][-]{section.3}{\376\377\000A\000r\000c\000h\000i\000t\000e\000c\000t\000u\000r\000e\000\040\000O\000v\000e\000r\000v\000i\000e\000w}{}% 3
\BOOKMARK [2][-]{subsection.3.1}{\376\377\000H\000i\000g\000h\000-\000l\000e\000v\000e\000l\000\040\000D\000i\000a\000g\000r\000a\000m\000\040\000\050\000T\000e\000x\000t\000u\000a\000l\000\051}{section.3}% 4
\BOOKMARK [2][-]{subsection.3.2}{\376\377\000M\000a\000i\000n\000\040\000C\000o\000m\000p\000o\000n\000e\000n\000t\000s}{section.3}% 5
\BOOKMARK [1][-]{section.4}{\376\377\000T\000e\000c\000h\000n\000o\000l\000o\000g\000y\000\040\000S\000t\000a\000c\000k}{}% 6
\BOOKMARK [1][-]{section.5}{\376\377\000B\000a\000c\000k\000e\000n\000d\000\040\000I\000m\000p\000l\000e\000m\000e\000n\000t\000a\000t\000i\000o\000n}{}% 7
\BOOKMARK [2][-]{subsection.5.1}{\376\377\000F\000o\000l\000d\000e\000r\000\040\000S\000t\000r\000u\000c\000t\000u\000r\000e\000\040\000\050\000E\000x\000a\000m\000p\000l\000e\000\051}{section.5}% 8
\BOOKMARK [2][-]{subsection.5.2}{\376\377\000D\000a\000t\000a\000\040\000M\000o\000d\000e\000l\000s}{section.5}% 9
\BOOKMARK [2][-]{subsection.5.3}{\376\377\000C\000o\000n\000t\000r\000o\000l\000l\000e\000r\000s\000,\000\040\000S\000e\000r\000v\000i\000c\000e\000s\000,\000\040\000R\000o\000u\000t\000e\000s}{section.5}% 10
\BOOKMARK [1][-]{section.6}{\376\377\000S\000e\000c\000u\000r\000i\000t\000y\000\040\000C\000o\000n\000t\000r\000o\000l\000s}{}% 11
\BOOKMARK [2][-]{subsection.6.1}{\376\377\000A\000u\000t\000h\000e\000n\000t\000i\000c\000a\000t\000i\000o\000n\000\040\000\050\000J\000W\000T\000\051}{section.6}% 12
\BOOKMARK [2][-]{subsection.6.2}{\376\377\000A\000u\000t\000h\000o\000r\000i\000z\000a\000t\000i\000o\000n\000\040\000\050\000R\000B\000A\000C\000\051}{section.6}% 13
\BOOKMARK [2][-]{subsection.6.3}{\376\377\000V\000a\000l\000i\000d\000a\000t\000i\000o\000n\000\040\000\046\000\040\000S\000a\000n\000i\000t\000i\000z\000a\000t\000i\000o\000n\000\040\000\050\000D\000T\000O\000s\000\051}{section.6}% 14
\BOOKMARK [2][-]{subsection.6.4}{\376\377\000R\000a\000t\000e\000\040\000L\000i\000m\000i\000t\000i\000n\000g}{section.6}% 15
\BOOKMARK [2][-]{subsection.6.5}{\376\377\000A\000u\000d\000i\000t\000\040\000L\000o\000g\000g\000i\000n\000g}{section.6}% 16
\BOOKMARK [1][-]{section.7}{\376\377\000F\000r\000o\000n\000t\000e\000n\000d\000\040\000I\000m\000p\000l\000e\000m\000e\000n\000t\000a\000t\000i\000o\000n}{}% 17
\BOOKMARK [2][-]{subsection.7.1}{\376\377\000P\000a\000g\000e\000s}{section.7}% 18
\BOOKMARK [2][-]{subsection.7.2}{\376\377\000P\000r\000o\000t\000e\000c\000t\000e\000d\000\040\000R\000o\000u\000t\000e\000s}{section.7}% 19
\BOOKMARK [1][-]{section.8}{\376\377\000A\000P\000I\000\040\000E\000n\000d\000p\000o\000i\000n\000t\000s\000\040\000\050\000E\000x\000a\000m\000p\000l\000e\000\051}{}% 20
\BOOKMARK [1][-]{section.9}{\376\377\000D\000a\000t\000a\000b\000a\000s\000e\000\040\000S\000c\000h\000e\000m\000a\000\040\000\050\000H\000i\000g\000h\000\040\000L\000e\000v\000e\000l\000\051}{}% 21
\BOOKMARK [1][-]{section.10}{\376\377\000S\000c\000r\000e\000e\000n\000s\000h\000o\000t\000s}{}% 22
\BOOKMARK [2][-]{subsection.10.1}{\376\377\000H\000o\000w\000\040\000t\000o\000\040\000A\000d\000d\000\040\000S\000c\000r\000e\000e\000n\000s\000h\000o\000t\000s}{section.10}% 23
\BOOKMARK [2][-]{subsection.10.2}{\376\377\000S\000c\000r\000e\000e\000n\000s\000h\000o\000t\000\040\0001\000:\000\040\000L\000o\000g\000i\000n\000\040\000P\000a\000g\000e}{section.10}% 24
\BOOKMARK [2][-]{subsection.10.3}{\376\377\000S\000c\000r\000e\000e\000n\000s\000h\000o\000t\000\040\0002\000:\000\040\000D\000a\000s\000h\000b\000o\000a\000r\000d}{section.10}% 25
\BOOKMARK [2][-]{subsection.10.4}{\376\377\000S\000c\000r\000e\000e\000n\000s\000h\000o\000t\000\040\0003\000:\000\040\000R\000a\000t\000e\000\040\000L\000i\000m\000i\000t\000i\000n\000g\000\040\000\050\000L\000o\000g\000i\000n\000\040\000P\000r\000o\000t\000e\000c\000t\000i\000o\000n\000\051}{section.10}% 26
\BOOKMARK [2][-]{subsection.10.5}{\376\377\000S\000c\000r\000e\000e\000n\000s\000h\000o\000t\000\040\0004\000:\000\040\000R\000B\000A\000C\000\040\000R\000e\000s\000t\000r\000i\000c\000t\000i\000o\000n}{section.10}% 27
\BOOKMARK [2][-]{subsection.10.6}{\376\377\000S\000c\000r\000e\000e\000n\000s\000h\000o\000t\000\040\0005\000:\000\040\000A\000u\000d\000i\000t\000\040\000L\000o\000g\000s\000\040\000\050\000A\000D\000M\000I\000N\000\040\000O\000n\000l\000y\000\051}{section.10}% 28
\BOOKMARK [1][-]{section.11}{\376\377\000H\000o\000w\000\040\000t\000o\000\040\000R\000u\000n\000\040\000t\000h\000e\000\040\000P\000r\000o\000j\000e\000c\000t\000\040\000\050\000S\000h\000o\000r\000t\000\051}{}% 29
\BOOKMARK [2][-]{subsection.11.1}{\376\377\000B\000a\000c\000k\000e\000n\000d}{section.11}% 30
\BOOKMARK [2][-]{subsection.11.2}{\376\377\000D\000a\000t\000a\000b\000a\000s\000e}{section.11}% 31
\BOOKMARK [2][-]{subsection.11.3}{\376\377\000F\000r\000o\000n\000t\000e\000n\000d}{section.11}% 32
\BOOKMARK [1][-]{section.12}{\376\377\000C\000o\000n\000c\000l\000u\000s\000i\000o\000n}{}% 33
